Starting Nmap 7.91 ( https://nmap.org ) at 2021-09-19 21:04 EDT
Nmap scan report for 10.10.167.185
Host is up (0.100s latency).
Not shown: 988 closed ports
PORT      STATE SERVICE            VERSION
80/tcp    open  http               Microsoft IIS httpd 8.5
| http-methods: 
|_  Potentially risky methods: TRACE
|_http-server-header: Microsoft-IIS/8.5
|_http-title: Site doesn't have a title (text/html).
135/tcp   open  msrpc              Microsoft Windows RPC
139/tcp   open  netbios-ssn        Microsoft Windows netbios-ssn
445/tcp   open  microsoft-ds       Microsoft Windows Server 2008 R2 - 2012 microsoft-ds
3389/tcp  open  ssl/ms-wbt-server?
| rdp-ntlm-info: 
|   Target_Name: STEELMOUNTAIN
|   NetBIOS_Domain_Name: STEELMOUNTAIN
|   NetBIOS_Computer_Name: STEELMOUNTAIN
|   DNS_Domain_Name: steelmountain
|   DNS_Computer_Name: steelmountain
|   Product_Version: 6.3.9600
|_  System_Time: 2021-09-20T01:05:59+00:00
| ssl-cert: Subject: commonName=steelmountain
| Not valid before: 2021-09-19T00:58:30
|_Not valid after:  2022-03-21T00:58:30
|_ssl-date: 2021-09-20T01:06:05+00:00; -1s from scanner time.
8080/tcp  open  http               HttpFileServer httpd 2.3
|_http-server-header: HFS 2.3
|_http-title: HFS /
49152/tcp open  msrpc              Microsoft Windows RPC
49153/tcp open  msrpc              Microsoft Windows RPC
49154/tcp open  msrpc              Microsoft Windows RPC
49155/tcp open  msrpc              Microsoft Windows RPC
49156/tcp open  msrpc              Microsoft Windows RPC
49163/tcp open  msrpc              Microsoft Windows RPC
Service Info: OSs: Windows, Windows Server 2008 R2 - 2012; CPE: cpe:/o:microsoft:windows

Host script results:
|_nbstat: NetBIOS name: STEELMOUNTAIN, NetBIOS user: <unknown>, NetBIOS MAC: 02:9a:f8:c7:0e:89 (unknown)
| smb-security-mode: 
|   authentication_level: user
|   challenge_response: supported
|_  message_signing: disabled (dangerous, but default)
| smb2-security-mode: 
|   2.02: 
|_    Message signing enabled but not required
| smb2-time: 
|   date: 2021-09-20T01:05:59
|_  start_date: 2021-09-20T00:58:24

Service detection performed. Please report any incorrect results at https://nmap.org/submit/ .
Nmap done: 1 IP address (1 host up) scanned in 92.39 seconds
